mode: set
github.com/bds421/rho-kit/observability/slo/burnrate.go:20.56,21.25 1 1
github.com/bds421/rho-kit/observability/slo/burnrate.go:21.25,23.3 1 1
github.com/bds421/rho-kit/observability/slo/burnrate.go:25.2,25.16 1 1
github.com/bds421/rho-kit/observability/slo/burnrate.go:26.21,27.49 1 1
github.com/bds421/rho-kit/observability/slo/burnrate.go:28.23,29.51 1 1
github.com/bds421/rho-kit/observability/slo/burnrate.go:30.19,31.47 1 1
github.com/bds421/rho-kit/observability/slo/burnrate.go:32.10,33.11 1 1
github.com/bds421/rho-kit/observability/slo/burnrate.go:40.60,41.20 1 1
github.com/bds421/rho-kit/observability/slo/burnrate.go:41.20,43.3 1 1
github.com/bds421/rho-kit/observability/slo/burnrate.go:44.2,44.28 1 1
github.com/bds421/rho-kit/observability/slo/burnrate.go:50.62,52.17 2 1
github.com/bds421/rho-kit/observability/slo/burnrate.go:52.17,54.3 1 1
github.com/bds421/rho-kit/observability/slo/burnrate.go:55.2,56.18 2 1
github.com/bds421/rho-kit/observability/slo/burnrate.go:56.18,58.3 1 1
github.com/bds421/rho-kit/observability/slo/burnrate.go:59.2,59.26 1 1
github.com/bds421/rho-kit/observability/slo/burnrate.go:65.58,66.20 1 1
github.com/bds421/rho-kit/observability/slo/burnrate.go:66.20,68.3 1 1
github.com/bds421/rho-kit/observability/slo/burnrate.go:69.2,69.28 1 1
github.com/bds421/rho-kit/observability/slo/burnrate.go:94.47,100.2 1 1
github.com/bds421/rho-kit/observability/slo/burnrate.go:113.78,114.24 1 1
github.com/bds421/rho-kit/observability/slo/burnrate.go:114.24,115.46 1 1
github.com/bds421/rho-kit/observability/slo/burnrate.go:115.46,118.4 2 1
github.com/bds421/rho-kit/observability/slo/burnrate.go:120.2,120.12 1 1
github.com/bds421/rho-kit/observability/slo/handler.go:31.40,33.28 2 1
github.com/bds421/rho-kit/observability/slo/handler.go:33.28,36.3 2 1
github.com/bds421/rho-kit/observability/slo/handler.go:37.2,45.3 1 1
github.com/bds421/rho-kit/observability/slo/handler.go:58.45,59.20 1 1
github.com/bds421/rho-kit/observability/slo/handler.go:59.20,60.40 1 1
github.com/bds421/rho-kit/observability/slo/handler.go:62.2,62.71 1 1
github.com/bds421/rho-kit/observability/slo/handler.go:62.71,63.64 1 1
github.com/bds421/rho-kit/observability/slo/handler.go:63.64,67.4 3 1
github.com/bds421/rho-kit/observability/slo/handler.go:69.3,74.38 5 1
github.com/bds421/rho-kit/observability/slo/handler.go:79.57,83.29 3 1
github.com/bds421/rho-kit/observability/slo/handler.go:83.29,85.17 2 1
github.com/bds421/rho-kit/observability/slo/handler.go:85.17,87.4 1 1
github.com/bds421/rho-kit/observability/slo/handler.go:90.2,93.3 1 1
github.com/bds421/rho-kit/observability/slo/slo.go:88.92,96.2 1 1
github.com/bds421/rho-kit/observability/slo/slo.go:100.79,107.2 1 1
github.com/bds421/rho-kit/observability/slo/slo.go:114.88,121.2 1 1
github.com/bds421/rho-kit/observability/slo/slo.go:136.69,137.21 1 1
github.com/bds421/rho-kit/observability/slo/slo.go:137.21,138.41 1 1
github.com/bds421/rho-kit/observability/slo/slo.go:141.2,142.25 2 1
github.com/bds421/rho-kit/observability/slo/slo.go:142.25,143.19 1 1
github.com/bds421/rho-kit/observability/slo/slo.go:143.19,144.44 1 1
github.com/bds421/rho-kit/observability/slo/slo.go:146.3,146.40 1 1
github.com/bds421/rho-kit/observability/slo/slo.go:146.40,147.60 1 1
github.com/bds421/rho-kit/observability/slo/slo.go:149.3,149.28 1 1
github.com/bds421/rho-kit/observability/slo/slo.go:152.2,157.3 3 1
github.com/bds421/rho-kit/observability/slo/slo.go:163.42,167.27 3 1
github.com/bds421/rho-kit/observability/slo/slo.go:167.27,169.3 1 1
github.com/bds421/rho-kit/observability/slo/slo.go:170.2,170.17 1 1
github.com/bds421/rho-kit/observability/slo/slo.go:176.65,178.19 2 1
github.com/bds421/rho-kit/observability/slo/slo.go:178.19,180.3 1 1
github.com/bds421/rho-kit/observability/slo/slo.go:182.2,183.25 2 1
github.com/bds421/rho-kit/observability/slo/slo.go:183.25,185.3 1 1
github.com/bds421/rho-kit/observability/slo/slo.go:186.2,186.15 1 1
github.com/bds421/rho-kit/observability/slo/slo.go:190.74,199.16 2 1
github.com/bds421/rho-kit/observability/slo/slo.go:200.19,201.48 1 1
github.com/bds421/rho-kit/observability/slo/slo.go:202.21,203.50 1 1
github.com/bds421/rho-kit/observability/slo/slo.go:204.23,205.52 1 1
github.com/bds421/rho-kit/observability/slo/slo.go:208.2,208.32 1 1
github.com/bds421/rho-kit/observability/slo/slo.go:208.32,210.3 1 1
github.com/bds421/rho-kit/observability/slo/slo.go:212.2,215.15 3 1
github.com/bds421/rho-kit/observability/slo/slo.go:219.49,220.16 1 1
github.com/bds421/rho-kit/observability/slo/slo.go:221.34,222.31 1 1
github.com/bds421/rho-kit/observability/slo/slo.go:223.23,224.31 1 1
github.com/bds421/rho-kit/observability/slo/slo.go:225.10,226.15 1 1
github.com/bds421/rho-kit/observability/slo/slo.go:237.76,239.22 2 1
github.com/bds421/rho-kit/observability/slo/slo.go:239.22,241.3 1 1
github.com/bds421/rho-kit/observability/slo/slo.go:243.2,244.9 2 1
github.com/bds421/rho-kit/observability/slo/slo.go:244.9,246.3 1 1
github.com/bds421/rho-kit/observability/slo/slo.go:248.2,248.46 1 1
github.com/bds421/rho-kit/observability/slo/slo.go:252.78,254.22 2 1
github.com/bds421/rho-kit/observability/slo/slo.go:254.22,256.3 1 1
github.com/bds421/rho-kit/observability/slo/slo.go:258.2,259.9 2 1
github.com/bds421/rho-kit/observability/slo/slo.go:259.9,261.3 1 1
github.com/bds421/rho-kit/observability/slo/slo.go:263.2,264.28 2 1
github.com/bds421/rho-kit/observability/slo/slo.go:264.28,266.3 1 1
github.com/bds421/rho-kit/observability/slo/slo.go:268.2,269.16 2 1
github.com/bds421/rho-kit/observability/slo/slo.go:269.16,271.3 1 0
github.com/bds421/rho-kit/observability/slo/slo.go:273.2,273.23 1 1
github.com/bds421/rho-kit/observability/slo/slo.go:277.80,286.27 2 1
github.com/bds421/rho-kit/observability/slo/slo.go:286.27,288.3 1 0
github.com/bds421/rho-kit/observability/slo/slo.go:290.2,290.22 1 1
github.com/bds421/rho-kit/observability/slo/slo.go:295.76,296.46 1 1
github.com/bds421/rho-kit/observability/slo/slo.go:296.46,298.3 1 1
github.com/bds421/rho-kit/observability/slo/slo.go:300.2,301.23 2 1
github.com/bds421/rho-kit/observability/slo/slo.go:301.23,303.3 1 1
github.com/bds421/rho-kit/observability/slo/slo.go:306.2,309.28 3 1
github.com/bds421/rho-kit/observability/slo/slo.go:309.28,311.15 2 1
github.com/bds421/rho-kit/observability/slo/slo.go:311.15,312.12 1 0
github.com/bds421/rho-kit/observability/slo/slo.go:314.3,314.35 1 1
github.com/bds421/rho-kit/observability/slo/slo.go:314.35,316.4 1 1
github.com/bds421/rho-kit/observability/slo/slo.go:317.3,317.35 1 1
github.com/bds421/rho-kit/observability/slo/slo.go:320.2,320.21 1 1
github.com/bds421/rho-kit/observability/slo/slo.go:320.21,322.3 1 0
github.com/bds421/rho-kit/observability/slo/slo.go:324.2,330.28 5 1
github.com/bds421/rho-kit/observability/slo/slo.go:330.28,331.43 1 1
github.com/bds421/rho-kit/observability/slo/slo.go:331.43,335.26 3 1
github.com/bds421/rho-kit/observability/slo/slo.go:335.26,337.5 1 0
github.com/bds421/rho-kit/observability/slo/slo.go:338.4,339.43 2 1
github.com/bds421/rho-kit/observability/slo/slo.go:341.3,342.27 2 1
github.com/bds421/rho-kit/observability/slo/slo.go:346.2,346.22 1 0
github.com/bds421/rho-kit/observability/slo/slo.go:346.22,348.3 1 0
github.com/bds421/rho-kit/observability/slo/slo.go:349.2,349.19 1 0
github.com/bds421/rho-kit/observability/slo/slo.go:359.59,361.27 2 1
github.com/bds421/rho-kit/observability/slo/slo.go:361.27,362.24 1 1
github.com/bds421/rho-kit/observability/slo/slo.go:362.24,363.12 1 0
github.com/bds421/rho-kit/observability/slo/slo.go:365.3,365.84 1 1
github.com/bds421/rho-kit/observability/slo/slo.go:368.2,368.57 1 1
github.com/bds421/rho-kit/observability/slo/slo.go:368.57,369.10 1 1
github.com/bds421/rho-kit/observability/slo/slo.go:370.36,371.13 1 1
github.com/bds421/rho-kit/observability/slo/slo.go:372.36,373.12 1 1
github.com/bds421/rho-kit/observability/slo/slo.go:374.11,375.12 1 0
github.com/bds421/rho-kit/observability/slo/slo.go:378.2,378.16 1 1
github.com/bds421/rho-kit/observability/slo/slo.go:383.92,384.44 1 1
github.com/bds421/rho-kit/observability/slo/slo.go:384.44,386.3 1 1
github.com/bds421/rho-kit/observability/slo/slo.go:388.2,388.35 1 1
github.com/bds421/rho-kit/observability/slo/slo.go:388.35,392.41 3 1
github.com/bds421/rho-kit/observability/slo/slo.go:392.41,394.4 1 1
github.com/bds421/rho-kit/observability/slo/slo.go:396.2,396.23 1 1
github.com/bds421/rho-kit/observability/slo/slo.go:400.69,401.28 1 1
github.com/bds421/rho-kit/observability/slo/slo.go:401.28,402.34 1 1
github.com/bds421/rho-kit/observability/slo/slo.go:402.34,403.12 1 0
github.com/bds421/rho-kit/observability/slo/slo.go:405.3,405.50 1 1
github.com/bds421/rho-kit/observability/slo/slo.go:405.50,407.4 1 1
github.com/bds421/rho-kit/observability/slo/slo.go:409.2,409.14 1 1
github.com/bds421/rho-kit/observability/slo/slo.go:415.47,416.32 1 1
github.com/bds421/rho-kit/observability/slo/slo.go:416.32,418.3 1 1
github.com/bds421/rho-kit/observability/slo/slo.go:419.2,419.25 1 1
github.com/bds421/rho-kit/observability/slo/slo.go:419.25,420.50 1 1
github.com/bds421/rho-kit/observability/slo/slo.go:420.50,422.4 1 1
github.com/bds421/rho-kit/observability/slo/slo.go:424.2,424.13 1 1
github.com/bds421/rho-kit/observability/slo/slo.go:429.51,432.29 3 1
github.com/bds421/rho-kit/observability/slo/slo.go:432.29,433.17 1 1
github.com/bds421/rho-kit/observability/slo/slo.go:433.17,435.9 2 1
github.com/bds421/rho-kit/observability/slo/slo.go:438.2,441.3 1 1
github.com/bds421/rho-kit/observability/slo/slo.go:453.44,454.16 1 1
github.com/bds421/rho-kit/observability/slo/slo.go:454.16,456.3 1 1
github.com/bds421/rho-kit/observability/slo/slo.go:457.2,457.18 1 1
github.com/bds421/rho-kit/observability/slo/slo.go:464.74,465.40 1 1
github.com/bds421/rho-kit/observability/slo/slo.go:465.40,467.3 1 1
github.com/bds421/rho-kit/observability/slo/slo.go:471.36,473.16 2 1
github.com/bds421/rho-kit/observability/slo/slo.go:473.16,475.3 1 1
github.com/bds421/rho-kit/observability/slo/slo.go:476.2,477.61 1 1
